[    0.000000] Linux version 4.15.0-189-generic (buildd@lcy02-amd64-039) (gcc version 7.5.0 (Ubuntu 7.5.0-3ubuntu1~18.04)) #200-Ubuntu SMP Wed Jun 22 19:53:37 UTC 2022 (Ubuntu 4.15.0-189.200-generic 4.15.18)
[    0.000000] Command line: BOOT_IMAGE=/boot/vmlinuz-4.15.0-189-generic root=UUID=c9083fd8-08bb-489b-8948-3d2c0402372e ro console=tty1 console=ttyS0
[    0.000000] KERNEL supported cpus:
[    0.000000]   Intel GenuineIntel
[    0.000000]   AMD AuthenticAMD
[    0.000000]   Centaur CentaurHauls
[    0.000000] x86/fpu: Supporting XSAVE feature 0x001: 'x87 floating point registers'
[    0.000000] x86/fpu: Supporting XSAVE feature 0x002: 'SSE registers'
[    0.000000] x86/fpu: Supporting XSAVE feature 0x004: 'AVX registers'
[    0.000000] x86/fpu: xstate_offset[2]:  576, xstate_sizes[2]:  256
[    0.000000] x86/fpu: Enabled xstate features 0x7, context size is 832 bytes, using 'standard' format.
[    0.000000] e820: BIOS-provided physical RAM map:
[    0.000000] BIOS-e820: [mem 0x0000000000000000-0x000000000009fbff] usable
[    0.000000] BIOS-e820: [mem 0x000000000009fc00-0x000000000009ffff] reserved
[    0.000000] BIOS-e820: [mem 0x00000000000f0000-0x00000000000fffff] reserved
[    0.000000] BIOS-e820: [mem 0x0000000000100000-0x000000007ffeffff] usable
[    0.000000] BIOS-e820: [mem 0x000000007fff0000-0x000000007fffffff] ACPI data
[    0.000000] BIOS-e820: [mem 0x00000000fec00000-0x00000000fec00fff] reserved
[    0.000000] BIOS-e820: [mem 0x00000000fee00000-0x00000000fee00fff] reserved
[    0.000000] BIOS-e820: [mem 0x00000000fffc0000-0x00000000ffffffff] reserved
[    0.000000] NX (Execute Disable) protection: active
[    0.000000] SMBIOS 2.5 present.
[    0.000000] DMI: innotek GmbH VirtualBox/VirtualBox, BIOS VirtualBox 12/01/2006
[    0.000000] Hypervisor detected: KVM
[    0.000000] e820: last_pfn = 0x7fff0 max_arch_pfn = 0x400000000
[    0.000000] MTRR: Disabled
[    0.000000] x86/PAT: MTRRs disabled, skipping PAT initialization too.
[    0.000000] CPU MTRRs all blank - virtualized system.
[    0.000000] x86/PAT: Configuration [0-7]: WB  WT  UC- UC  WB  WT  UC- UC  
[    0.000000] found SMP MP-table at [mem 0x0009fff0-0x0009ffff]
[    0.000000] Scanning 1 areas for low memory corruption
[    0.000000] RAMDISK: [mem 0x3581d000-0x36c05fff]
[    0.000000] ACPI: Early table checksum verification disabled
[    0.000000] ACPI: RSDP 0x00000000000E0000 000024 (v02 VBOX  )
[    0.000000] ACPI: XSDT 0x000000007FFF0030 00003C (v01 VBOX   VBOXXSDT 00000001 ASL  00000061)
[    0.000000] ACPI: FACP 0x000000007FFF00F0 0000F4 (v04 VBOX   VBOXFACP 00000001 ASL  00000061)
[    0.000000] ACPI: DSDT 0x000000007FFF0470 0022EA (v02 VBOX   VBOXBIOS 00000002 INTL 20100528)
[    0.000000] ACPI: FACS 0x000000007FFF0200 000040
[    0.000000] ACPI: FACS 0x000000007FFF0200 000040
[    0.000000] ACPI: APIC 0x000000007FFF0240 00005C (v02 VBOX   VBOXAPIC 00000001 ASL  00000061)
[    0.000000] ACPI: SSDT 0x000000007FFF02A0 0001CC (v01 VBOX   VBOXCPUT 00000002 INTL 20100528)
[    0.000000] ACPI: Reserving FACP table memory at [mem 0x7fff00f0-0x7fff01e3]
[    0.000000] ACPI: Reserving DSDT table memory at [mem 0x7fff0470-0x7fff2759]
[    0.000000] ACPI: Reserving FACS table memory at [mem 0x7fff0200-0x7fff023f]
[    0.000000] ACPI: Reserving FACS table memory at [mem 0x7fff0200-0x7fff023f]
[    0.000000] ACPI: Reserving APIC table memory at [mem 0x7fff0240-0x7fff029b]
[    0.000000] ACPI: Reserving SSDT table memory at [mem 0x7fff02a0-0x7fff046b]
[    0.000000] No NUMA configuration found
[    0.000000] Faking a node at [mem 0x0000000000000000-0x000000007ffeffff]
[    0.000000] NODE_DATA(0) allocated [mem 0x7ffc5000-0x7ffeffff]
[    0.000000] kvm-clock: cpu 0, msr 0:7ff44001, primary cpu clock
[    0.000000] kvm-clock: Using msrs 4b564d01 and 4b564d00
[    0.000000] kvm-clock: using sched offset of 6284070663 cycles
[    0.000000] clocksource: kvm-clock: mask: 0xffffffffffffffff max_cycles: 0x1cd42e4dffb, max_idle_ns: 881590591483 ns
[    0.000000] Zone ranges:
[    0.000000]   DMA      [mem 0x0000000000001000-0x0000000000ffffff]
[    0.000000]   DMA32    [mem 0x0000000001000000-0x000000007ffeffff]
[    0.000000]   Normal   empty
[    0.000000]   Device   empty
[    0.000000] Movable zone start for each node
[    0.000000] Early memory node ranges
[    0.000000]   node   0: [mem 0x0000000000001000-0x000000000009efff]
[    0.000000]   node   0: [mem 0x0000000000100000-0x000000007ffeffff]
[    0.000000] Reserved but unavailable: 104 pages
[    0.000000] Initmem setup node 0 [mem 0x0000000000001000-0x000000007ffeffff]
[    0.000000] ACPI: PM-Timer IO Port: 0x4008
[    0.000000] IOAPIC[0]: apic_id 2, version 32, address 0xfec00000, GSI 0-23
[    0.000000] ACPI: INT_SRC_OVR (bus 0 bus_irq 0 global_irq 2 dfl dfl)
[    0.000000] ACPI: INT_SRC_OVR (bus 0 bus_irq 9 global_irq 9 low level)
[    0.000000] Using ACPI (MADT) for SMP configuration information
[    0.000000] smpboot: Allowing 2 CPUs, 0 hotplug CPUs
[    0.000000] PM: Registered nosave memory: [mem 0x00000000-0x00000fff]
[    0.000000] PM: Registered nosave memory: [mem 0x0009f000-0x0009ffff]
[    0.000000] PM: Registered nosave memory: [mem 0x000a0000-0x000effff]
[    0.000000] PM: Registered nosave memory: [mem 0x000f0000-0x000fffff]
[    0.000000] e820: [mem 0x80000000-0xfebfffff] available for PCI devices
[    0.000000] Booting paravirtualized kernel on KVM
[    0.000000] clocksource: refined-jiffies: mask: 0xffffffff max_cycles: 0xffffffff, max_idle_ns: 7645519600211568 ns
[    0.000000] random: get_random_bytes called from start_kernel+0x99/0x500 with crng_init=0
[    0.000000] setup_percpu: NR_CPUS:8192 nr_cpumask_bits:2 nr_cpu_ids:2 nr_node_ids:1
[    0.000000] percpu: Embedded 50 pages/cpu s167936 r8192 d28672 u1048576
[    0.000000] PV qspinlock hash table entries: 256 (order: 0, 4096 bytes)
[    0.000000] Built 1 zonelists, mobility grouping on.  Total pages: 515961
[    0.000000] Policy zone: DMA32
[    0.000000] Kernel command line: BOOT_IMAGE=/boot/vmlinuz-4.15.0-189-generic root=UUID=c9083fd8-08bb-489b-8948-3d2c0402372e ro console=tty1 console=ttyS0
[    0.000000] Memory: 2013980K/2096696K available (12300K kernel code, 2484K rwdata, 4324K rodata, 2468K init, 2724K bss, 82716K reserved, 0K cma-reserved)
[    0.000000] SLUB: HWalign=64, Order=0-3, MinObjects=0, CPUs=2, Nodes=1
[    0.000000] Kernel/User page tables isolation: enabled
[    0.000000] ftrace: allocating 39515 entries in 155 pages
[    0.004000] Hierarchical RCU implementation.
[    0.004000] 	RCU restricting CPUs from NR_CPUS=8192 to nr_cpu_ids=2.
[    0.004000] 	Tasks RCU enabled.
[    0.004000] RCU: Adjusting geometry for rcu_fanout_leaf=16, nr_cpu_ids=2
[    0.004000] NR_IRQS: 524544, nr_irqs: 440, preallocated irqs: 16
[    0.004000] Console: colour VGA+ 80x25
[    0.004000] console [tty1] enabled
[    0.004000] console [ttyS0] enabled
[    0.004000] ACPI: Core revision 20170831
[    0.004000] ACPI: 2 ACPI AML tables successfully acquired and loaded
[    0.004000] APIC: Switch to symmetric I/O mode setup
[    0.004000] x2apic enabled
[    0.004000] Switched APIC routing to physical x2apic.
[    0.008000] ..TIMER: vector=0x30 apic1=0 pin1=2 apic2=-1 pin2=-1
[    0.008006] tsc: Detected 2208.002 MHz processor
[    0.012013] Calibrating delay loop (skipped) preset value.. 4416.00 BogoMIPS (lpj=8832008)
[    0.016004] pid_max: default: 32768 minimum: 301
[    0.018117] Security Framework initialized
[    0.020005] Yama: becoming mindful.
[    0.021661] AppArmor: AppArmor initialized
[    0.032228] Dentry cache hash table entries: 262144 (order: 9, 2097152 bytes)
[    0.044084] Inode-cache hash table entries: 131072 (order: 8, 1048576 bytes)
[    0.048032] Mount-cache hash table entries: 4096 (order: 3, 32768 bytes)
[    0.050827] Mountpoint-cache hash table entries: 4096 (order: 3, 32768 bytes)
[    0.052482] Last level iTLB entries: 4KB 64, 2MB 8, 4MB 8
[    0.056004] Last level dTLB entries: 4KB 64, 2MB 0, 4MB 0, 1GB 4
[    0.058547] Spectre V1 : Mitigation: usercopy/swapgs barriers and __user pointer sanitization
[    0.060004] Spectre V2 : Mitigation: Retpolines
[    0.064003] Spectre V2 : Spectre v2 / SpectreRSB mitigation: Filling RSB on context switch
[    0.068003] Speculative Store Bypass: Vulnerable
[    0.070113] MDS: Vulnerable: Clear CPU buffers attempted, no microcode
[    0.072003] MMIO Stale Data: Vulnerable: Clear CPU buffers attempted, no microcode
[    0.076003] SRBDS: Unknown: Dependent on hypervisor status
[    0.078618] Freeing SMP alternatives memory: 36K
[    0.168642] smpboot: CPU0: Intel(R) Core(TM) i7-8750H CPU @ 2.20GHz (family: 0x6, model: 0x9e, stepping: 0xa)
[    0.172158] Performance Events: unsupported p6 CPU model 158 no PMU driver, software events only.
[    0.175943] Hierarchical SRCU implementation.
[    0.176998] NMI watchdog: Perf event create on CPU 0 failed with -2
[    0.180003] NMI watchdog: Perf NMI watchdog permanently disabled
[    0.184071] smp: Bringing up secondary CPUs ...
[    0.186187] x86: Booting SMP configuration:
[    0.188004] .... node  #0, CPUs:      #1
[    0.004000] kvm-clock: cpu 1, msr 0:7ff44041, secondary cpu clock
[    0.194672] smp: Brought up 1 node, 2 CPUs
[    0.196009] smpboot: Max logical packages: 1
[    0.197866] smpboot: Total of 2 processors activated (8832.00 BogoMIPS)
[    0.204029] devtmpfs: initialized
[    0.208102] x86/mm: Memory block size: 128MB
[    0.210517] evm: security.selinux
[    0.212005] evm: security.SMACK64
[    0.213475] evm: security.SMACK64EXEC
[    0.215137] evm: security.SMACK64TRANSMUTE
[    0.216003] evm: security.SMACK64MMAP
[    0.217623] evm: security.apparmor
[    0.220003] evm: security.ima
[    0.221363] evm: security.capability
[    0.224196] clocksource: jiffies: mask: 0xffffffff max_cycles: 0xffffffff, max_idle_ns: 7645041785100000 ns
[    0.228014] futex hash table entries: 512 (order: 3, 32768 bytes)
[    0.230635] pinctrl core: initialized pinctrl subsystem
[    0.232175] RTC time: 19:36:23, date: 07/29/22
[    0.236085] NET: Registered protocol family 16
[    0.238183] audit: initializing netlink subsys (disabled)
[    0.240040] audit: type=2000 audit(1659123391.511:1): state=initialized audit_enabled=0 res=1
[    0.244012] cpuidle: using governor ladder
[    0.245844] cpuidle: using governor menu
[    0.248067] ACPI: bus type PCI registered
[    0.249944] acpiphp: ACPI Hot Plug PCI Controller Driver version: 0.5
[    0.252182] PCI: Using configuration type 1 for base access
[    0.260082] HugeTLB registered 2.00 MiB page size, pre-allocated 0 pages
[    0.264133] ACPI: Added _OSI(Module Device)
[    0.266028] ACPI: Added _OSI(Processor Device)
[    0.268011] ACPI: Added _OSI(3.0 _SCP Extensions)
[    0.272009] ACPI: Added _OSI(Processor Aggregator Device)
[    0.276006] ACPI: Added _OSI(Linux-Dell-Video)
[    0.277917] ACPI: Added _OSI(Linux-Lenovo-NV-HDMI-Audio)
[    0.280005] ACPI: Added _OSI(Linux-HPI-Hybrid-Graphics)
[    0.284653] ACPI: Executed 1 blocks of module-level executable AML code
[    0.295248] ACPI: Interpreter enabled
[    0.296024] ACPI: (supports S0 S5)
[    0.297538] ACPI: Using IOAPIC for interrupt routing
[    0.300569] PCI: Using host bridge windows from ACPI; if necessary, use "pci=nocrs" and report a bug
[    0.304371] ACPI: Enabled 2 GPEs in block 00 to 07
[    0.322141] ACPI: PCI Root Bridge [PCI0] (domain 0000 [bus 00-ff])
[    0.324012] acpi PNP0A03:00: _OSC: OS supports [ASPM ClockPM Segments MSI]
[    0.328410] acpi PNP0A03:00: _OSC: not requesting OS control; OS requires [ExtendedConfig ASPM ClockPM MSI]
[    0.332021] acpi PNP0A03:00: fail to add MMCONFIG information, can't access extended PCI configuration space under this bridge.
[    0.336742] PCI host bridge to bus 0000:00
[    0.338541] pci_bus 0000:00: root bus resource [io  0x0000-0x0cf7 window]
[    0.340005] pci_bus 0000:00: root bus resource [io  0x0d00-0xffff window]
[    0.344011] pci_bus 0000:00: root bus resource [mem 0x000a0000-0x000bffff window]
[    0.348005] pci_bus 0000:00: root bus resource [mem 0x80000000-0xfdffffff window]
[    0.351203] pci_bus 0000:00: root bus resource [bus 00-ff]
[    0.357874] pci 0000:00:01.1: legacy IDE quirk: reg 0x10: [io  0x01f0-0x01f7]
[    0.360005] pci 0000:00:01.1: legacy IDE quirk: reg 0x14: [io  0x03f6]
[    0.362756] pci 0000:00:01.1: legacy IDE quirk: reg 0x18: [io  0x0170-0x0177]
[    0.364005] pci 0000:00:01.1: legacy IDE quirk: reg 0x1c: [io  0x0376]
[    0.430849] pci 0000:00:07.0: quirk: [io  0x4000-0x403f] claimed by PIIX4 ACPI
[    0.432036] pci 0000:00:07.0: quirk: [io  0x4100-0x410f] claimed by PIIX4 SMB
[    0.459009] ACPI: PCI Interrupt Link [LNKA] (IRQs 5 9 10 *11)
[    0.460767] ACPI: PCI Interrupt Link [LNKB] (IRQs 5 9 *10 11)
[    0.464180] ACPI: PCI Interrupt Link [LNKC] (IRQs 5 *9 10 11)
[    0.466991] ACPI: PCI Interrupt Link [LNKD] (IRQs 5 9 10 *11)
[    0.468539] SCSI subsystem initialized
[    0.472060] pci 0000:00:02.0: vgaarb: setting as boot VGA device
[    0.474544] pci 0000:00:02.0: vgaarb: VGA device added: decodes=io+mem,owns=io+mem,locks=none
[    0.476008] pci 0000:00:02.0: vgaarb: bridge control possible
[    0.480003] vgaarb: loaded
[    0.481312] ACPI: bus type USB registered
[    0.484030] usbcore: registered new interface driver usbfs
[    0.486320] usbcore: registered new interface driver hub
[    0.488000] usbcore: registered new device driver usb
[    0.488077] EDAC MC: Ver: 3.0.0
[    0.492512] PCI: Using ACPI for IRQ routing
[    0.496551] NetLabel: Initializing
[    0.498145] NetLabel:  domain hash size = 128
[    0.500000] NetLabel:  protocols = UNLABELED CIPSOv4 CALIPSO
[    0.500034] NetLabel:  unlabeled traffic allowed by default
[    0.504146] clocksource: Switched to clocksource kvm-clock
[    0.628816] VFS: Disk quotas dquot_6.6.0
[    0.630621] VFS: Dquot-cache hash table entries: 512 (order 0, 4096 bytes)
[    0.633550] AppArmor: AppArmor Filesystem Enabled
[    0.635632] pnp: PnP ACPI init
[    0.639417] pnp: PnP ACPI: found 3 devices
[    0.657019] clocksource: acpi_pm: mask: 0xffffff max_cycles: 0xffffff, max_idle_ns: 2085701024 ns
[    0.660100] NET: Registered protocol family 2
[    0.662718] IP idents hash table entries: 32768 (order: 6, 262144 bytes)
[    0.665921] TCP established hash table entries: 16384 (order: 5, 131072 bytes)
[    0.669146] TCP bind hash table entries: 16384 (order: 6, 262144 bytes)
[    0.718677] TCP: Hash tables configured (established 16384 bind 16384)
[    0.731613] UDP hash table entries: 1024 (order: 3, 32768 bytes)
[    0.734117] UDP-Lite hash table entries: 1024 (order: 3, 32768 bytes)
[    0.736795] NET: Registered protocol family 1
[    0.738760] pci 0000:00:00.0: Limiting direct PCI/PCI transfers
[    0.741274] pci 0000:00:01.0: Activating ISA DMA hang workarounds
[    0.744002] pci 0000:00:02.0: Video device with shadowed ROM at [mem 0x000c0000-0x000dffff]
[    0.747818] Unpacking initramfs...
[    2.538561] Freeing initrd memory: 20388K
[    2.540456] clocksource: tsc: mask: 0xffffffffffffffff max_cycles: 0x1fd3ba1610f, max_idle_ns: 440795284337 ns
[    2.544689] platform rtc_cmos: registered platform RTC device (no PNP device found)
[    2.547941] Scanning for low memory corruption every 60 seconds
[    2.551649] Initialise system trusted keyrings
[    2.553804] Key type blacklist registered
[    2.555820] workingset: timestamp_bits=36 max_order=19 bucket_order=0
[    2.560565] zbud: loaded
[    2.562805] squashfs: version 4.0 (2009/01/31) Phillip Lougher
[    2.565754] fuse init (API version 7.26)
[    2.574151] Key type asymmetric registered
[    2.575946] Asymmetric key parser 'x509' registered
[    2.578259] Block layer SCSI generic (bsg) driver version 0.4 loaded (major 246)
[    2.581604] io scheduler noop registered
[    2.583316] io scheduler deadline registered
[    2.585308] io scheduler cfq registered (default)
[    2.587918] ACPI: AC Adapter [AC] (off-line)
[    2.590024] input: Power Button as /devices/LNXSYSTM:00/LNXPWRBN:00/input/input0
[    2.593383] ACPI: Power Button [PWRF]
[    2.595140] input: Sleep Button as /devices/LNXSYSTM:00/LNXSLPBN:00/input/input1
[    2.636931] ACPI: Sleep Button [SLPF]
[    2.640970] ACPI: Battery Slot [BAT0] (battery present)
[    2.643278] Serial: 8250/16550 driver, 32 ports, IRQ sharing enabled
[    2.667436] 00:02: ttyS0 at I/O 0x3f8 (irq = 4, base_baud = 115200) is a 16550A
[    2.710556] Linux agpgart interface v0.103
[    2.716683] loop: module loaded
[    2.719439] scsi host0: ata_piix
[    2.721467] scsi host1: ata_piix
[    2.723086] ata1: PATA max UDMA/33 cmd 0x1f0 ctl 0x3f6 bmdma 0xd000 irq 14
[    2.726073] ata2: PATA max UDMA/33 cmd 0x170 ctl 0x376 bmdma 0xd008 irq 15
[    2.729035] tun: Universal TUN/TAP device driver, 1.6
[    2.731540] PPP generic driver version 2.4.2
[    2.733664] ehci_hcd: USB 2.0 'Enhanced' Host Controller (EHCI) Driver
[    2.736467] ehci-pci: EHCI PCI platform driver
[    2.738397] ehci-platform: EHCI generic platform driver
[    2.740849] ohci_hcd: USB 1.1 'Open' Host Controller (OHCI) Driver
[    2.743393] ohci-pci: OHCI PCI platform driver
[    2.745526] ohci-platform: OHCI generic platform driver
[    2.747809] uhci_hcd: USB Universal Host Controller Interface driver
[    2.750643] i8042: PNP: PS/2 Controller [PNP0303:PS2K,PNP0f03:PS2M] at 0x60,0x64 irq 1,12
[    2.755119] serio: i8042 KBD port at 0x60,0x64 irq 1
[    2.757441] serio: i8042 AUX port at 0x60,0x64 irq 12
[    2.760104] mousedev: PS/2 mouse device common for all mice
[    2.764069] rtc_cmos rtc_cmos: rtc core: registered rtc_cmos as rtc0
[    2.766896] rtc_cmos rtc_cmos: alarms up to one day, 114 bytes nvram
[    2.769668] input: AT Translated Set 2 keyboard as /devices/platform/i8042/serio0/input/input2
[    2.772131] i2c /dev entries driver
[    2.775015] device-mapper: uevent: version 1.0.3
[    2.777378] device-mapper: ioctl: 4.37.0-ioctl (2017-09-20) initialised: dm-devel@redhat.com
[    2.781156] ledtrig-cpu: registered to indicate activity on CPUs
[    2.785100] NET: Registered protocol family 10
[    2.794289] Segment Routing with IPv6
[    2.795939] NET: Registered protocol family 17
[    2.798058] Key type dns_resolver registered
[    2.800541] mce: Using 0 MCE banks
[    2.802073] RAS: Correctable Errors collector initialized.
[    2.804339] sched_clock: Marking stable (2800503229, 0)->(4015692064, -1215188835)
[    2.809144] registered taskstats version 1
[    2.811093] Loading compiled-in X.509 certificates
[    2.840103] Loaded X.509 cert 'Build time autogenerated kernel key: 9c4811ffd453f4b0c13447eb15d717d926dfaff5'
[    2.845334] Loaded X.509 cert 'Canonical Ltd. Live Patch Signing: 14df34d1a87cf37625abec039ef2bf521249b969'
[    2.850371] Loaded X.509 cert 'Canonical Ltd. Kernel Module Signing: 88f752e560a1e0737e31163a466ad7b70a850c19'
[    2.854625] blacklist: Loading compiled-in revocation X.509 certificates
[    2.857463] Loaded X.509 cert 'Canonical Ltd. Secure Boot Signing: 61482aa2830d0ab2ad5af10b7250da9033ddcef0'
[    2.861559] zswap: loaded using pool lzo/zbud
[    2.871452] Key type big_key registered
[    2.873255] Key type trusted registered
[    2.878521] Key type encrypted registered
[    2.880264] AppArmor: AppArmor sha1 policy hashing enabled
[    2.882599] ima: No TPM chip found, activating TPM-bypass! (rc=-19)
[    2.885366] ima: Allocated hash algorithm: sha1
[    2.887345] evm: HMAC attrs: 0x1
[    2.889640]   Magic number: 14:782:648
[    2.891345] acpi LNXCPU:01: hash matches
[    2.893299] rtc_cmos rtc_cmos: setting system clock to 2022-07-29 19:36:26 UTC (1659123386)
[    2.897184] BIOS EDD facility v0.16 2004-Jun-25, 0 devices found
[    2.899646] EDD information not available.
[    2.905948] Freeing unused kernel image memory: 2468K
[    2.920082] Write protecting the kernel read-only data: 20480k
[    2.923688] Freeing unused kernel image memory: 2008K
[    2.938234] Freeing unused kernel image memory: 1820K
[    2.957554] x86/mm: Checked W+X mappings: passed, no W+X pages found.
[    2.960249] x86/mm: Checking user space page tables
[    2.978495] x86/mm: Checked W+X mappings: passed, no W+X pages found.
Loading, please wait...
starting version 237
[    3.155900] Fusion MPT base driver 3.04.20
[    3.157865] Copyright (c) 1999-2008 LSI Corporation
[    3.162214] e1000: Intel(R) PRO/1000 Network Driver - version 7.3.21-k8-NAPI
[    3.165134] e1000: Copyright (c) 1999-2006 Intel Corporation.
[    3.172988] Fusion MPT SPI Host driver 3.04.20
[    3.192718] AVX2 version of gcm_enc/dec engaged.
[    3.194617] AES CTR mode by8 optimization enabled
[    3.399066] input: ImExPS/2 Generic Explorer Mouse as /devices/platform/i8042/serio1/input/input4
[    3.883470] e1000 0000:00:03.0 eth0: (PCI:33MHz:32-bit) 02:e8:64:37:14:18
[    3.886301] e1000 0000:00:03.0 eth0: Intel(R) PRO/1000 Network Connection
[    3.890918] mptbase: ioc0: Initiating bringup
[    3.989438] ioc0: LSI53C1030 A0: Capabilities={Initiator}
[    4.234103] scsi host2: ioc0: LSI53C1030 A0, FwRev=00000000h, Ports=1, MaxQ=256, IRQ=20
[    4.472999] scsi 2:0:0:0: Direct-Access     VBOX     HARDDISK         1.0  PQ: 0 ANSI: 5
[    4.504446] scsi target2:0:0: Beginning Domain Validation
[    4.511675] scsi target2:0:0: Domain Validation skipping write tests
[    4.514510] scsi target2:0:0: Ending Domain Validation
[    4.528624] scsi target2:0:0: asynchronous
[    4.548538] scsi 2:0:1:0: Direct-Access     VBOX     HARDDISK         1.0  PQ: 0 ANSI: 5
[    4.616151] scsi target2:0:1: Beginning Domain Validation
[    4.620519] random: fast init done
[    4.624667] scsi target2:0:1: Domain Validation skipping write tests
[    4.627382] scsi target2:0:1: Ending Domain Validation
[    4.632801] scsi target2:0:1: asynchronous
[    4.644670] random: systemd-udevd: uninitialized urandom read (16 bytes read)
[    4.647742] random: systemd-udevd: uninitialized urandom read (16 bytes read)
[    4.651216] sd 2:0:0:0: Attached scsi generic sg0 type 0
[    4.653898] sd 2:0:1:0: Attached scsi generic sg1 type 0
[    4.656466] random: systemd-udevd: uninitialized urandom read (16 bytes read)
[    4.660274] sd 2:0:0:0: [sda] 83886080 512-byte logical blocks: (42.9 GB/40.0 GiB)
[    4.663932] sd 2:0:0:0: [sda] Write Protect is off
[    4.667121] sd 2:0:0:0: [sda] Incomplete mode parameter data
[    4.669751] sd 2:0:0:0: [sda] Assuming drive cache: write through
[    4.678032]  sda: sda1
[    4.681323] sd 2:0:0:0: [sda] Attached SCSI disk
[    4.710218] sd 2:0:1:0: [sdb] 20480 512-byte logical blocks: (10.5 MB/10.0 MiB)
[    4.713867] sd 2:0:1:0: [sdb] Write Protect is off
[    4.716525] sd 2:0:1:0: [sdb] Incomplete mode parameter data
[    4.719058] sd 2:0:1:0: [sdb] Assuming drive cache: write through
[    4.728182] sd 2:0:1:0: [sdb] Attached SCSI disk
[    5.154453] e1000 0000:00:08.0 eth1: (PCI:33MHz:32-bit) 08:00:27:8b:a8:ff
[    5.157336] e1000 0000:00:08.0 eth1: Intel(R) PRO/1000 Network Connection
[    5.162399] e1000 0000:00:03.0 enp0s3: renamed from eth0
[    5.181647] e1000 0000:00:08.0 enp0s8: renamed from eth1
Begin: Loading essential drivers ... [    7.608304] raid6: sse2x1   gen()  5246 MB/s
[    7.656299] raid6: sse2x1   xor()  3170 MB/s
[    7.704125] raid6: sse2x2   gen()  5592 MB/s
[    7.784191] raid6: sse2x2   xor()  4553 MB/s
[    7.845835] raid6: sse2x4   gen()  4281 MB/s
[    7.892716] raid6: sse2x4   xor()  5215 MB/s
[    7.948799] raid6: avx2x1   gen()  3129 MB/s
[    7.996601] raid6: avx2x1   xor()  8067 MB/s
[    8.053482] raid6: avx2x2   gen()  4543 MB/s
[    8.101340] raid6: avx2x2   xor()  8917 MB/s
[    8.158516] raid6: avx2x4   gen()  6892 MB/s
[    8.208040] raid6: avx2x4   xor()  9964 MB/s
[    8.209888] raid6: using algorithm avx2x4 gen() 6892 MB/s
[    8.212274] raid6: .... xor() 9964 MB/s, rmw enabled
[    8.214352] raid6: using avx2x2 recovery algorithm
[    8.218119] xor: automatically using best checksumming function   avx       
[    8.263032] async_tx: api initialized (async)
done.
Begin: Running /scripts/init-premount ... done.
Begin: Mounting root file system ... Begin: Running /scripts/local-top ... done.
Begin: Running /scripts/local-premount ... [    8.386727] Btrfs loaded, crc32c=crc32c-intel
Scanning for Btrfs filesystems
done.
Begin: Will now check root file system ... fsck from util-linux 2.31.1
[/sbin/fsck.ext4 (1) -- /dev/sda1] fsck.ext4 -a -C0 /dev/sda1 
cloudimg-rootfs: clean, 137413/5120000 files, 1222224/10485499 blocks
done.
[    8.462504] EXT4-fs (sda1): mounted filesystem with ordered data mode. Opts: (null)
done.
Begin: Running /scripts/local-bottom ... done.
Begin: Running /scripts/init-bottom ... done.
[    8.748707] ip_tables: (C) 2000-2006 Netfilter Core Team
[    8.765684] systemd[1]: systemd 237 running in system mode. (+PAM +AUDIT +SELINUX +IMA +APPARMOR +SMACK +SYSVINIT +UTMP +LIBCRYPTSETUP +GCRYPT +GNUTLS +ACL +XZ +LZ4 +SECCOMP +BLKID +ELFUTILS +KMOD -IDN2 +IDN -PCRE2 default-hierarchy=hybrid)
[    8.774556] systemd[1]: Detected virtualization oracle.
[    8.776902] systemd[1]: Detected architecture x86-64.

Welcome to [1mUbuntu 18.04.6 LTS[0m!

[    8.790461] systemd[1]: Set hostname to <machine>.
[    9.245208] systemd[1]: Reached target System Time Synchronized.
[[0;32m  OK  [0m] Reached target System Time Synchronized.
[    9.248804] systemd[1]: Started Forward Password Requests to Wall Directory Watch.
[[0;32m  OK  [0m] Started Forward Password Requests to Wall Directory Watch.
[    9.256016] systemd[1]: Created slice System Slice.
[[0;32m  OK  [0m] Created slice System Slice.
[    9.258866] systemd[1]: Listening on udev Control Socket.
[[0;32m  OK  [0m] Listening on udev Control Socket.
[    9.262078] systemd[1]: Listening on Syslog Socket.
[[0;32m  OK  [0m] Listening on Syslog Socket.
[    9.265270] systemd[1]: Listening on Journal Socket.
[[0;32m  OK  [0m] Listening on Journal Socket.
         Mounting Kernel Debug File System...
         Mounting POSIX Message Queue File System...
         Starting Load Kernel Modules...
         Starting Set the console keyboard layout...
[[0;32m  OK  [0m] Listening on Journal Socket (/dev/log).
[[0;32m  OK  [0m] Listening on /dev/initctl Compatibility Named Pipe.
[[0;32m  OK  [0m] Listening on Network Service Netlink Socket.
[    9.324600] Loading iSCSI transport class v2.0-870.
         Starting Uncomplicated firewall...
[[0;32m  OK  [0m] Reached target Swap.
[[0;32m  OK  [0m] Listening on udev Kernel Socket.
[[0;32m  OK  [0m] Listening on Device-mapper event daemon FIFOs.
[[0;32m  OK  [0m] Listening on fsck to fsckd communication Socket.
         Starting Remount Root and Kernel File Systems...
[    9.356008] iscsi: registered transport (tcp)
[[0;32m  OK  [0m] Created slice system-serial\x2dgetty.slice.
         Starting Create list of required st…ce nodes for the current kernel...
[[0;32m  OK  [0m] Listening on LVM2 poll daemon socket.
         Mounting Huge Pages File System...
[[0;32m  OK  [0m] Reached target User and Group Name Lookups.
[[0;32m  OK  [0m] Set up automount Arbitrary Executab…rmats File System Automount Point.
[    9.435154] EXT4-fs (sda1): re-mounted. Opts: (null)
[[0;32m  OK  [0m] Created slice User and Session Slice.
[[0;32m  OK  [0m] Reached target Slices.
[[0;32m  OK  [0m] Listening on LVM2 metadata daemon socket.
         Starting Monitoring of LVM2 mirrors…n[    9.455965] iscsi: registered transport (iser)
g dmeventd or progress polling...
         Starting udev Coldplug all Devices...
[[0;32m  OK  [0m] Listening on Journal Audit Socket.
         Starting Journal Service...
[[0;32m  OK  [0m] Mounted Kernel Debug File System.
[[0;32m  OK  [0m] Mounted POSIX Message Queue File System.
[[0;32m  OK  [0m] Started Load Kernel Modules.
[[0;32m  OK  [0m] Started Uncomplicated firewall.
[[0;32m  OK  [0m] Started Remount Root and Kernel File Systems.
[[0;32m  OK  [0m] Started Create list of required sta…vice nodes for the current kernel.
[[0;32m  OK  [0m] Mounted Huge Pages File System.
         Starting Create Static Device Nodes in /dev...
         Starting Load/Save Random Seed...
         Mounting FUSE Control File System...
         Mounting Kernel Configuration File System...
         Starting Apply Kernel Variables...
[[0;32m  OK  [0m] Mounted FUSE Control File System.
[[0;32m  OK  [0m] Mounted Kernel Configuration File System.
[[0;32m  OK  [0m] Started udev Coldplug all Devices.
[[0;32m  OK  [0m] Started Load/Save Random Seed.
[[0;32m  OK  [0m] Started LVM2 metadata daemon.
[[0;32m  OK  [0m] Started Create Static Device Nodes in /dev.
         Starting udev Kernel Device Manager...
[[0;32m  OK  [0m] Started Apply Kernel Variables.
[[0;32m  OK  [0m] Started Journal Service.
         Starting Flush Journal to Persistent Storage...
[[0;32m  OK  [0m] Started udev Kernel Device Manager.
[[0;32m  OK  [0m] Started Monitoring of LVM2 mirrors,…sing dmeventd or progress polling.
[[0;32m  OK  [0m] Started Flush Journal to Persistent Storage.
[[0;32m  OK  [0m] Found device /dev/ttyS0.
[[0;32m  OK  [0m] Listening on Load/Save RF Kill Switch Status /dev/rfkill Watch.
[[0;32m  OK  [0m] Started Set the console keyboard layout.
[[0;32m  OK  [0m] Started Dispatch Password Requests to Console Directory Watch.
[[0;32m  OK  [0m] Reached target Local Encrypted Volumes.
[[0;32m  OK  [0m] Reached target Local File Systems (Pre).
[[0;32m  OK  [0m] Reached target Local File Systems.
         Starting ebtables ruleset management...
         Starting Create Volatile Files and Directories...
         Starting Tell Plymouth To Write Out Runtime Data...
         Starting Set console font and keymap...
         Starting AppArmor initialization...
[[0;32m  OK  [0m] Started Set console font and keymap.
[[0;32m  OK  [0m] Started Create Volatile Files and Directories.
         Starting Update UTMP about System Boot/Shutdown...
[[0;32m  OK  [0m] Started Tell Plymouth To Write Out Runtime Data.
[[0;32m  OK  [0m] Started Update UTMP about System Boot/Shutdown.
[[0;32m  OK  [0m] Started ebtables ruleset management.
[[0;32m  OK  [0m] Started AppArmor initialization.
         Starting Load AppArmor profiles managed internally by snapd...
         Starting Initial cloud-init job (pre-networking)...
[[0;32m  OK  [0m] Started Load AppArmor profiles managed internally by snapd.
[   16.047847] cloud-init[671]: Cloud-init v. 22.2-0ubuntu1~18.04.3 running 'init-local' at Fri, 29 Jul 2022 19:36:39 +0000. Up 15.52 seconds.
[[0;32m  OK  [0m] Started Initial cloud-init job (pre-networking).
[[0;32m  OK  [0m] Reached target Network (Pre).
         Starting Network Service...
[[0;32m  OK  [0m] Started Network Service.
         Starting Wait for Network to be Configured...
         Starting Network Name Resolution...
[[0;32m  OK  [0m] Started Network Name Resolution.
[[0;32m  OK  [0m] Reached target Network.
[[0;32m  OK  [0m] Reached target Host and Network Name Lookups.
[[0;32m  OK  [0m] Started Wait for Network to be Configured.
         Starting Initial cloud-init job (metadata service crawler)...
[   21.209358] cloud-init[783]: Cloud-init v. 22.2-0ubuntu1~18.04.3 running 'init' at Fri, 29 Jul 2022 19:36:43 +0000. Up 20.08 seconds.
[   21.212427] cloud-init[783]: ci-info: ++++++++++++++++++++++++++++++++++++++Net device info+++++++++++++++++++++++++++++++++++++++
[   21.215279] cloud-init[783]: ci-info: +--------+------+-----------------------------+---------------+--------+-------------------+
[   21.228877] cloud-init[783]: ci-info: | Device |  Up  |           Address           |      Mask     | Scope  |     Hw-Address    |
[   21.231370] cloud-init[783]: ci-info: +--------+------+-----------------------------+---------------+--------+-------------------+
[   21.234254] cloud-init[783]: ci-info: | enp0s3 | True |          10.0.2.15          | 255.255.255.0 | global | 02:e8:64:37:14:18 |
[   21.236836] cloud-init[783]: ci-info: | enp0s3 | True |  fe80::e8:64ff:fe37:1418/64 |       .       |  link  | 02:e8:64:37:14:18 |
[   21.239057] cloud-init[783]: ci-info: | enp0s8 | True |        192.168.3.215        | 255.255.255.0 | global | 08:00:27:8b:a8:ff |
[   21.241209] cloud-init[783]: ci-info: | enp0s8 | True | fe80::a00:27ff:fe8b:a8ff/64 |       .       |  link  | 08:00:27:8b:a8:ff |
[   21.243498] cloud-init[783]: ci-info: |   lo   | True |          127.0.0.1          |   255.0.0.0   |  host  |         .         |
[   21.245717] cloud-init[783]: ci-info: |   lo   | True |           ::1/128           |       .       |  host  |         .         |
[   21.248570] cloud-init[783]: ci-info: +--------+------+-----------------------------+---------------+--------+-------------------+
[   21.251025] cloud-init[783]: ci-info: ++++++++++++++++++++++++++++Route IPv4 info+++++++++++++++++++++++++++++
[   21.252921] cloud-init[783]: ci-info: +-------+-------------+----------+-----------------+-----------+-------+
[   21.255146] cloud-init[783]: ci-info: | Route | Destination | Gateway  |     Genmask     | Interface | Flags |
[   21.256933] cloud-init[783]: ci-info: +-------+-------------+----------+-----------------+-----------+-------+
[   21.260389] cloud-init[783]: ci-info: |   0   |   0.0.0.0   | 10.0.2.2 |     0.0.0.0     |   enp0s3  |   UG  |
[   21.272553] cloud-init[783]: ci-info: |   1   |   10.0.2.0  | 0.0.0.0  |  255.255.255.0  |   enp0s3  |   U   |
[   21.274919] cloud-init[783]: ci-info: |   2   |   10.0.2.2  | 0.0.0.0  | 255.255.255.255 |   enp0s3  |   UH  |
[   21.288386] cloud-init[783]: ci-info: |   3   | 192.168.3.0 | 0.0.0.0  |  255.255.255.0  |   enp0s8  |   U   |
[   21.301048] cloud-init[783]: ci-info: +-------+-------------+----------+-----------------+-----------+-------+
[   21.303773] cloud-init[783]: ci-info: +++++++++++++++++++Route IPv6 info+++++++++++++++++++
[   21.316746] cloud-init[783]: ci-info: +-------+-------------+---------+-----------+-------+
[   21.318613] cloud-init[783]: ci-info: | Route | Destination | Gateway | Interface | Flags |
[   21.320361] cloud-init[783]: ci-info: +-------+-------------+---------+-----------+-------+
[   21.322339] cloud-init[783]: ci-info: |   1   |  fe80::/64  |    ::   |   enp0s8  |   U   |
[   21.341094] cloud-init[783]: ci-info: |   2   |  fe80::/64  |    ::   |   enp0s3  |   U   |
[   21.364908] cloud-init[783]: ci-info: |   4   |    local    |    ::   |   enp0s3  |   U   |
[   21.367185] cloud-init[783]: ci-info: |   5   |    local    |    ::   |   enp0s8  |   U   |
[   21.368810] cloud-init[783]: ci-info: |   6   |   ff00::/8  |    ::   |   enp0s8  |   U   |
[   21.370779] cloud-init[783]: ci-info: |   7   |   ff00::/8  |    ::   |   enp0s3  |   U   |
[   21.388370] cloud-init[783]: ci-info: +-------+-------------+---------+-----------+-------+
[[0;32m  OK  [0m] Started Initial cloud-init job (metadata service crawler).
[[0;32m  OK  [0m] Reached target System Initialization.
[[0;32m  OK  [0m] Started Message of the Day.
[[0;32m  OK  [0m] Started Daily Cleanup of Temporary Directories.
[[0;32m  OK  [0m] Listening on D-Bus System Message Bus Socket.
[[0;32m  OK  [0m] Started ACPI Events Check.
[[0;32m  OK  [0m] Started Ubuntu Advantage Timer for running repeated jobs.
[[0;32m  OK  [0m] Listening on ACPID Listen Socket.
[[0;32m  OK  [0m] Started Daily apt download activities.
[[0;32m  OK  [0m] Started Daily apt upgrade and clean activities.
[[0;32m  OK  [0m] Listening on cloud-init hotplug hook socket.
         Starting LXD - unix socket.
[[0;32m  OK  [0m] Listening on UUID daemon activation socket.
[[0;32m  OK  [0m] Reached target Paths.
         Starting Socket activation for snappy daemon.
[[0;32m  OK  [0m] Started Discard unused blocks once a week.
[[0;32m  OK  [0m] Reached target Timers.
         Starting Docker Socket for the API.
[[0;32m  OK  [0m] Listening on Open-iSCSI iscsid Socket.
[[0;32m  OK  [0m] Reached target Cloud-config availability.
[[0;32m  OK  [0m] Reached target Network is Online.
[[0;32m  OK  [0m] Reached target Remote File Systems (Pre).
         Mounting /vagrant...
         Starting Availability of block devices...
[[0;32m  OK  [0m] Listening on LXD - unix socket.
[[0;32m  OK  [0m] Listening on Socket activation for snappy daemon.
[[0;32m  OK  [0m] Listening on Docker Socket for the API.
[[0;32m  OK  [0m] Reached target Sockets.
[[0;32m  OK  [0m] Reached target Basic System.
         Starting System Logging Service...
[[0;32m  OK  [0m] Started D-Bus System Message Bus.
         Starting containerd container runtime...
[[0;32m  OK  [0m] Started irqbalance daemon.
         Starting Virtualbox guest utils...
         Starting Accounts Service...
[[0;32m  OK  [0m] Started Regular background program processing daemon.
         Starting OpenBSD Secure Shell server...
         Starting LSB: Record successful boot for GRUB...
         Starting Dispatcher daemon for systemd-networkd...
[[0;32m  OK  [0m] Started FUSE filesystem for LXC.
         Starting Login Service...
[[0;32m  OK  [0m] Started Deferred execution scheduler.
         Starting Snap Daemon...
         Starting LXD - container startup/shutdown...
[[0;32m  OK  [0m] Started System Logging Service.
[[0;32m  OK  [0m] Mounted /vagrant.
[[0;32m  OK  [0m] Started Availability of block devices.
[[0;32m  OK  [0m] Started OpenBSD Secure Shell server.
[[0;32m  OK  [0m] Started Login Service.
[[0;32m  OK  [0m] Started Unattended Upgrades Shutdown.
         Starting Authorization Manager...
[[0;32m  OK  [0m] Reached target Remote File Systems.
         Starting Permit User Sessions...
         Starting LSB: automatic crash report generation...
[[0;32m  OK  [0m] Started Permit User Sessions.
         Starting Terminate Plymouth Boot Screen...
         Starting Hold until boot process finishes up...
[[0;32m  OK  [0m] Started Terminate Plymouth Boot Screen.
[[0;32m  OK  [0m] Started Hold until boot process finishes up.
[[0;32m  OK  [0m] Started Serial Getty on ttyS0.
         Starting Set console scheme...
[[0;32m  OK  [0m] Started Set console scheme.
[[0;32m  OK  [0m] Created slice system-getty.slice.
[[0;32m  OK  [0m] Started Getty on tty1.
[[0;32m  OK  [0m] Reached target Login Prompts.
[[0;32m  OK  [0m] Started Authorization Manager.
[[0;32m  OK  [0m] Started Accounts Service.
[[0;32m  OK  [0m] Started LSB: Record successful boot for GRUB.
[[0;32m  OK  [0m] Started LSB: automatic crash report generation.
[[0;32m  OK  [0m] Started Virtualbox guest utils.
[[0;32m  OK  [0m] Started LXD - container startup/shutdown.
[[0;32m  OK  [0m] Started Dispatcher daemon for systemd-networkd.
[[0;32m  OK  [0m] Created slice User Slice of vagrant.
         Starting User Manager for UID 1000...
[[0;32m  OK  [0m] Started Session 1 of user vagrant.
[[0;32m  OK  [0m] Started User Manager for UID 1000.
[[0;32m  OK  [0m] Started Snap Daemon.
         Starting Wait until snapd is fully seeded...
         Starting Time & Date Service...
[[0;32m  OK  [0m] Started Time & Date Service.
[[0;32m  OK  [0m] Started Wait until snapd is fully seeded.
         Starting Apply the settings specified in cloud-config...
[[0;32m  OK  [0m] Started containerd container runtime.
         Starting Docker Application Container Engine...
[   29.231597] cloud-init[1222]: Cloud-init v. 22.2-0ubuntu1~18.04.3 running 'modules:config' at Fri, 29 Jul 2022 19:36:52 +0000. Up 28.49 seconds.

Ubuntu 18.04.6 LTS machine ttyS0

machine login: [   32.613573] cloud-init[1545]: Cloud-init v. 22.2-0ubuntu1~18.04.3 running 'modules:final' at Fri, 29 Jul 2022 19:36:55 +0000. Up 31.96 seconds.
[   32.641545] cloud-init[1545]: Cloud-init v. 22.2-0ubuntu1~18.04.3 finished at Fri, 29 Jul 2022 19:36:56 +0000. Datasource DataSourceNoCloud [seed=/dev/sdb][dsmode=net].  Up 32.58 seconds
         Stopping Authorization Manager...
[[0;32m  OK  [0m] Stopped target Host and Network Name Lookups.
         Stopping Availability of block devices...
         Stopping Session 6 of user vagrant.
[[0;32m  OK  [0m] Closed Load/Save RF Kill Switch Status /dev/rfkill Watch.
         Stopping User Manager for UID 1000...
[[0;32m  OK  [0m] Stopped target Cloud-init target.
[[0;32m  OK  [0m] Stopped Execute cloud user/final scripts.
[[0;32m  OK  [0m] Stopped target Graphical Interface.
[[0;32m  OK  [0m] Stopped target Multi-User System.
         Stopping Deferred execution scheduler...
         Stopping irqbalance daemon...
         Stopping Virtualbox guest utils...
         Stopping Regular background program processing daemon...
[[0;32m  OK  [0m] Stopped target Login Prompts.
         Stopping Serial Getty on ttyS0...
         Stopping Getty on tty1...
         Stopping System Logging Service...
         Stopping LXD - container startup/shutdown...
         Stopping FUSE filesystem for LXC...
         Stopping Docker Application Container Engine...
         Stopping LSB: Record successful boot for GRUB...
         Stopping LSB: automatic crash report generation...
[[0;32m  OK  [0m] Stopped Apply the settings specified in cloud-config.
[[0;32m  OK  [0m] Stopped target Cloud-config availability.
         Stopping Dispatcher daemon for systemd-networkd...
         Stopping D-Bus System Message Bus...
         Stopping OpenBSD Secure Shell server...
[[0;32m  OK  [0m] Stopped target Timers.
[[0;32m  OK  [0m] Stopped Daily Cleanup of Temporary Directories.
[[0;32m  OK  [0m] Stopped Message of the Day.
[[0;32m  OK  [0m] Stopped Ubuntu Advantage Timer for running repeated jobs.
[[0;32m  OK  [0m] Stopped Discard unused blocks once a week.
[[0;32m  OK  [0m] Stopped Daily apt upgrade and clean activities.
[[0;32m  OK  [0m] Stopped Daily apt download activities.
[[0;32m  OK  [0m] Stopped target System Time Synchronized.
[[0;32m  OK  [0m] Stopped Wait until snapd is fully seeded.
         Stopping Accounts Service...
[[0;32m  OK  [0m] Unmounted /var/lib/lxcfs.
[[0;32m  OK  [0m] Stopped System Logging Service.
[[0;32m  OK  [0m] Stopped irqbalance daemon.
[[0;32m  OK  [0m] Stopped Regular background program processing daemon.
[[0;32m  OK  [0m] Stopped Accounts Service.
[[0;32m  OK  [0m] Stopped Dispatcher daemon for systemd-networkd.
[[0;32m  OK  [0m] Stopped Deferred execution scheduler.
[[0;32m  OK  [0m] Stopped OpenBSD Secure Shell server.
[[0;32m  OK  [0m] Stopped Authorization Manager.
[[0;32m  OK  [0m] Stopped Serial Getty on ttyS0.
[[0;32m  OK  [0m] Stopped Getty on tty1.
[[0;32m  OK  [0m] Stopped Docker Application Container Engine.
[[0;32m  OK  [0m] Stopped User Manager for UID 1000.
[[0;32m  OK  [0m] Stopped Availability of block devices.
[[0;32m  OK  [0m] Stopped D-Bus System Message Bus.
[[0;32m  OK  [0m] Stopped FUSE filesystem for LXC.
[[0;32m  OK  [0m] Stopped Session 6 of user vagrant.
[[0;32m  OK  [0m] Stopped LXD - container startup/shutdown.
[[0;32m  OK  [0m] Removed slice User Slice of vagrant.
         Stopping Login Service...
         Stopping containerd container runtime...
[[0;32m  OK  [0m] Removed slice system-getty.slice.
         Stopping Permit User Sessions...
[[0;32m  OK  [0m] Removed slice system-serial\x2dgetty.slice.
[[0;32m  OK  [0m] Stopped LSB: Record successful boot for GRUB.
[[0;32m  OK  [0m] Stopped LSB: automatic crash report generation.
[[0;32m  OK  [0m] Stopped Permit User Sessions.
[[0;32m  OK  [0m] Stopped target Remote File Systems.
         Unmounting /vagrant...
[[0;32m  OK  [0m] Stopped containerd container runtime.
[[0;32m  OK  [0m] Stopped Login Service.
[[0;32m  OK  [0m] Stopped Virtualbox guest utils.
[[0;32m  OK  [0m] Stopped target User and Group Name Lookups.
[[0;32m  OK  [0m] Stopped target Basic System.
[[0;32m  OK  [0m] Stopped target Paths.
[[0;32m  OK  [0m] Stopped ACPI Events Check.
[[0;32m  OK  [0m] Stopped target Slices.
[[0;32m  OK  [0m] Removed slice User and Session Slice.
[[0;32m  OK  [0m] Stopped target Sockets.
[[0;32m  OK  [0m] Closed LXD - unix socket.
[[0;32m  OK  [0m] Closed UUID daemon activation socket.
[[0;32m  OK  [0m] Closed cloud-init hotplug hook socket.
[[0;32m  OK  [0m] Closed D-Bus System Message Bus Socket.
[[0;32m  OK  [0m] Closed Syslog Socket.
[[0;32m  OK  [0m] Closed Socket activation for snappy daemon.
[[0;32m  OK  [0m] Closed Open-iSCSI iscsid Socket.
[[0;32m  OK  [0m] Closed Docker Socket for the API.
[[0;32m  OK  [0m] Closed ACPID Listen Socket.
[[0;32m  OK  [0m] Stopped target System Initialization.
         Stopping Load/Save Random Seed...
         Stopping Update UTMP about System Boot/Shutdown...
[[0;32m  OK  [0m] Stopped target Local Encrypted Volumes.
[[0;32m  OK  [0m] Stopped Dispatch Password Requests to Console Directory Watch.
[[0;32m  OK  [0m] Stopped Forward Password Requests to Wall Directory Watch.
[[0;32m  OK  [0m] Unmounted /vagrant.
[[0;32m  OK  [0m] Stopped Load/Save Random Seed.
[[0;32m  OK  [0m] Stopped target Network is Online.
[[0;32m  OK  [0m] Stopped Initial cloud-init job (metadata service crawler).
[[0;32m  OK  [0m] Stopped target Remote File Systems (Pre).
[[0;32m  OK  [0m] Stopped target Network.
         Stopping Network Name Resolution...
[[0;32m  OK  [0m] Stopped Update UTMP about System Boot/Shutdown.
[[0;32m  OK  [0m] Stopped Network Name Resolution.
         Stopping Network Service...
[[0;32m  OK  [0m] Stopped Create Volatile Files and Directories.
[[0;32m  OK  [0m] Stopped target Local File Systems.
         Unmounting /run/user/1000...
[[0;32m  OK  [0m] Unmounted /run/user/1000.
[[0;32m  OK  [0m] Stopped Network Service.
[[0;32m  OK  [0m] Stopped target Network (Pre).
[[0;32m  OK  [0m] Stopped Initial cloud-init job (pre-networking).
[[0;32m  OK  [0m] Stopped Apply Kernel Variables.
[[0;32m  OK  [0m] Stopped Load Kernel Modules.
[[0;32m  OK  [0m] Reached target Unmount All Filesystems.
[[0;32m  OK  [0m] Stopped target Local File Systems (Pre).
         Stopping Monitoring of LVM2 mirrors…ng dmeventd or progress polling...
[[0;32m  OK  [0m] Stopped Remount Root and Kernel File Systems.
[[0;32m  OK  [0m] Stopped Create Static Device Nodes in /dev.
[[0;32m  OK  [0m] Stopped target Swap.
[[0;32m  OK  [0m] Reached target Shutdown.
[[0;32m  OK  [0m] Reached target Final Step.
         Starting Power-Off...
[ 4262.523150] reboot: Power down
